<?xml version="1.0" encoding="UTF-8"?>
<testsuite xmlns:xsi="http://www.w3.org/2001/XMLSchema-instance" xsi:noNamespaceSchemaLocation="https://maven.apache.org/surefire/maven-surefire-plugin/xsd/surefire-test-report-3.0.xsd" version="3.0" name="com.group50.projectsrc.StockTest" time="0.029" tests="14" errors="0" skipped="0" failures="0">
  <properties>
[...]
</properties>
  <testcase name="testRestartHistory" classname="com.group50.projectsrc.StockTest" time="0.002"/>
  <testcase name="testGetGroup" classname="com.group50.projectsrc.StockTest" time="0.002"/>
  <testcase name="testGetLabel" classname="com.group50.projectsrc.StockTest" time="0.001"/>
  <testcase name="testGetPrice" classname="com.group50.projectsrc.StockTest" time="0.001"/>
  <testcase name="testSetStandardDeviation" classname="com.group50.projectsrc.StockTest" time="0.001"/>
  <testcase name="testRandomRange" classname="com.group50.projectsrc.StockTest" time="0"/>
  <testcase name="testGetID" classname="com.group50.projectsrc.StockTest" time="0.001"/>
  <testcase name="testTick" classname="com.group50.projectsrc.StockTest" time="0"/>
  <testcase name="testGetStandardDeviation" classname="com.group50.projectsrc.StockTest" time="0.001"/>
  <testcase name="testGetName" classname="com.group50.projectsrc.StockTest" time="0"/>
  <testcase name="testSetExpectedReturn" classname="com.group50.projectsrc.StockTest" time="0.001"/>
  <testcase name="testGetPriceHistory" classname="com.group50.projectsrc.StockTest" time="0.001"/>
  <testcase name="testGetExpectedReturn" classname="com.group50.projectsrc.StockTest" time="0.001"/>
  <testcase name="testSetPrice" classname="com.group50.projectsrc.StockTest" time="0.001"/>
</testsuite>